[14:17:38] [main/INFO]: Setting user: Player316
[14:17:39] [Client thread/INFO]: LWJGL Version: 2.9.1
[14:17:46] [Client thread/INFO]: Reloading ResourceManager: Default, FMLFileResourcePack:Forge Mod Loader, FMLFileResourcePack:Minecraft Forge, FMLFileResourcePack:Industrial Energistics, FMLFileResourcePack:Applied Energistics 2, FMLFileResourcePack:CoFH Core, FMLFileResourcePack:Thermal Dynamics, FMLFileResourcePack:Thermal Expansion, FMLFileResourcePack:Thermal Foundation
[14:17:49] [Sound Library Loader/INFO]: Sound engine started
[14:17:51] [Client thread/INFO]: Created: 1024x512 textures/blocks-atlas
[14:17:51] [Client thread/INFO]: Created: 512x512 textures/items-atlas
[14:17:52] [Client thread/INFO]: Reloading ResourceManager: Default, FMLFileResourcePack:Forge Mod Loader, FMLFileResourcePack:Minecraft Forge, FMLFileResourcePack:Industrial Energistics, FMLFileResourcePack:Applied Energistics 2, FMLFileResourcePack:CoFH Core, FMLFileResourcePack:Thermal Dynamics, FMLFileResourcePack:Thermal Expansion, FMLFileResourcePack:Thermal Foundation
[14:17:53] [Client thread/INFO]: Created: 1024x512 textures/blocks-atlas
[14:17:53] [Client thread/INFO]: Created: 512x512 textures/items-atlas
[14:17:54] [Sound Library Loader/INFO]: Sound engine started
[14:18:04] [Server thread/INFO]: Starting integrated minecraft server version 1.7.10
[14:18:04] [Server thread/INFO]: Generating keypair
[14:18:12] [Client thread/INFO]: Deleting level New World
[14:18:12] [Client thread/INFO]: Attempt 1...
[14:18:26] [Server thread/INFO]: Starting integrated minecraft server version 1.7.10
[14:18:26] [Server thread/INFO]: Generating keypair
[14:18:26] [Server thread/INFO]: Converting map!
[14:18:26] [Server thread/INFO]: Scanning folders...
[14:18:26] [Server thread/INFO]: Total conversion count is 0
[14:18:26] [Server thread/WARN]: Unable to find spawn biome
[14:18:26] [Server thread/INFO]: Preparing start region for level 0
[14:18:27] [Server thread/INFO]: Changing view distance to 12, from 10
[14:18:27] [Server thread/INFO]: Player316[local:E:6daa4fd8] logged in with entity id 1 at (-614.5, 56.0, 1002.5)
[14:18:27] [Server thread/INFO]: Player316 joined the game
[14:18:31] [Server thread/INFO]: Player316 has just earned the achievement [Taking Inventory]
[14:18:31] [Client thread/INFO]: [CHAT] Player316 has just earned the achievement [Taking Inventory]
[14:19:00] [Client thread/INFO]: Stopping!
[14:19:00] [Server thread/INFO]: Stopping server
[14:19:00] [Server thread/INFO]: Saving players
[14:19:00] [Server thread/INFO]: Saving worlds
[14:19:00] [Server thread/INFO]: Saving chunks for level 'New World'/Overworld
[14:19:00] [Server thread/INFO]: Saving chunks for level 'New World'/Nether
[14:19:00] [Server thread/INFO]: Saving chunks for level 'New World'/The End
[14:19:00] [Client Shutdown Thread/INFO]: Stopping server
[14:19:00] [Client Shutdown Thread/INFO]: Saving players
